#
# There is insufficient memory for the Java Runtime Environment to continue.
# Native memory allocation (mmap) failed to map 134217728 bytes for G1 virtual space
# Possible reasons:
#   The system is out of physical RAM or swap space
#   The process is running with CompressedOops enabled, and the Java Heap may be blocking the growth of the native heap
# Possible solutions:
#   Reduce memory load on the system
#   Increase physical memory or swap space
#   Check if swap backing store is full
#   Decrease Java heap size (-Xmx/-Xms)
#   Decrease number of Java threads
#   Decrease Java thread stack sizes (-Xss)
#   Set larger code cache with -XX:ReservedCodeCacheSize=
#   JVM is running with Unscaled Compressed Oops mode in which the Java heap is
#     placed in the first 4GB address space. The Java Heap base address is the
#     maximum limit for the native heap growth. Please use -XX:HeapBaseMinAddress
#     to set the Java Heap base and to place the Java Heap above 4GB virtual address.
# This output file may be truncated or incomplete.
#
#  Out of Memory Error (os_windows.cpp:3613), pid=14224, tid=25528
#
# JRE version:  (17.0.10+7) (build )
# Java VM: OpenJDK 64-Bit Server VM (17.0.10+7, mixed mode, sharing, tiered, compressed oops, compressed class ptrs, g1 gc, windows-amd64)
# No core dump will be written. Minidumps are not enabled by default on client versions of Windows
#

---------------  S U M M A R Y ------------

Command Line: -Dfile.encoding=UTF-8 -Dstdout.encoding=UTF-8 -Dstderr.encoding=UTF-8 -XX:+ShowCodeDetailsInExceptionMessages RobotFindsKitten

Host: Intel(R) Core(TM) i5-8350U CPU @ 1.70GHz, 8 cores, 7G,  Windows 10 , 64 bit Build 19041 (10.0.19041.3636)
Time: Tue Feb 13 20:31:24 2024 Est elapsed time: 0.022358 seconds (0d 0h 0m 0s)

---------------  T H R E A D  ---------------

Current thread (0x000001fe2960e380):  JavaThread "Unknown thread" [_thread_in_vm, id=25528, stack(0x000000779aa00000,0x000000779ab00000)]

Stack: [0x000000779aa00000,0x000000779ab00000]
Native frames: (J=compiled Java code, j=interpreted, Vv=VM code, C=native code)
V  [jvm.dll+0x67d2c9]
V  [jvm.dll+0x834afa]
V  [jvm.dll+0x8365be]
V  [jvm.dll+0x836c23]
V  [jvm.dll+0x2477ff]
V  [jvm.dll+0x67a109]
V  [jvm.dll+0x66eb7a]
V  [jvm.dll+0x30764b]
V  [jvm.dll+0x30eaf6]
V  [jvm.dll+0x35e83e]
V  [jvm.dll+0x35ea6f]
V  [jvm.dll+0x2de248]
V  [jvm.dll+0x2df1b4]
V  [jvm.dll+0x806361]
V  [jvm.dll+0x36c6f1]
V  [jvm.dll+0x7e4e06]
V  [jvm.dll+0x3eff3f]
V  [jvm.dll+0x3f1b71]
C  [jli.dll+0x528f]
C  [ucrtbase.dll+0x21bb2]
C  [KERNEL32.DLL+0x17344]
C  [ntdll.dll+0x526b1]


---------------  P R O C E S S  ---------------

Threads class SMR info:
_java_thread_list=0x00007ffe0051ee98, length=0, elements={
}

Java Threads: ( => current thread )

Other Threads:
  0x000001fe29668500 GCTaskThread "GC Thread#0" [stack: 0x000000779ac00000,0x000000779ad00000] [id=25096]
  0x000001fe296790e0 ConcurrentGCThread "G1 Main Marker" [stack: 0x000000779ad00000,0x000000779ae00000] [id=11412]
  0x000001fe29679a10 ConcurrentGCThread "G1 Conc#0" [stack: 0x000000779ae00000,0x000000779af00000] [id=25712]

[error occurred during error reporting (printing all threads), id 0xc0000005, EXCEPTION_ACCESS_VIOLATION (0xc0000005) at pc=0x00007ffdffcdec87]

VM state: not at safepoint (not fully initialized)

VM Mutex/Monitor currently owned by a thread:  ([mutex/lock_event])
[0x000001fe296079b0] Heap_lock - owner thread: 0x000001fe2960e380

Heap address: 0x0000000081400000, size: 2028 MB, Compressed Oops mode: 32-bit

CDS archive(s) mapped at: [0x0000000000000000-0x0000000000000000-0x0000000000000000), size 0, SharedBaseAddress: 0x0000000800000000, ArchiveRelocationMode: 1.
Narrow klass base: 0x0000000000000000, Narrow klass shift: 0, Narrow klass range: 0x0

GC Precious Log:
<Empty>

Heap:
 garbage-first heap   total 0K, used 0K [0x0000000081400000, 0x0000000100000000)
  region size 1024K, 0 young (0K), 0 survivors (0K)

[error occurred during error reporting (printing heap information), id 0xc0000005, EXCEPTION_ACCESS_VIOLATION (0xc0000005) at pc=0x00007ffe000c6fb9]

GC Heap History (0 events):
No events

Dll operation events (1 events):
Event: 0.008 Loaded shared library C:\Users\chant\.p2\pool\plugins\org.eclipse.justj.openjdk.hotspot.jre.full.win32.x86_64_17.0.10.v20240120-1143\jre\bin\java.dll

Deoptimization events (0 events):
No events

Classes unloaded (0 events):
No events

Classes redefined (0 events):
No events

Internal exceptions (0 events):
No events

VM Operations (0 events):
No events

Events (0 events):
No events


Dynamic libraries:
0x00007ff6f3860000 - 0x00007ff6f386e000 	C:\Users\chant\.p2\pool\plugins\org.eclipse.justj.openjdk.hotspot.jre.full.win32.x86_64_17.0.10.v20240120-1143\jre\bin\javaw.exe
0x00007ffe3e470000 - 0x00007ffe3e668000 	C:\WINDOWS\SYSTEM32\ntdll.dll
0x00007ffe3d5c0000 - 0x00007ffe3d67d000 	C:\WINDOWS\System32\KERNEL32.DLL
0x00007ffe3c010000 - 0x00007ffe3c306000 	C:\WINDOWS\System32\KERNELBASE.dll
0x00007ffe3bc60000 - 0x00007ffe3bd60000 	C:\WINDOWS\System32\ucrtbase.dll
0x00007ffe2b3f0000 - 0x00007ffe2b407000 	C:\Users\chant\.p2\pool\plugins\org.eclipse.justj.openjdk.hotspot.jre.full.win32.x86_64_17.0.10.v20240120-1143\jre\bin\jli.dll
0x00007ffe3c990000 - 0x00007ffe3cb2e000 	C:\WINDOWS\System32\USER32.dll
0x00007ffe3be80000 - 0x00007ffe3bea2000 	C:\WINDOWS\System32\win32u.dll
0x00007ffe235a0000 - 0x00007ffe235bb000 	C:\Users\chant\.p2\pool\plugins\org.eclipse.justj.openjdk.hotspot.jre.full.win32.x86_64_17.0.10.v20240120-1143\jre\bin\VCRUNTIME140.dll
0x00007ffe3d590000 - 0x00007ffe3d5bc000 	C:\WINDOWS\System32\GDI32.dll
0x00007ffe3bb40000 - 0x00007ffe3bc5a000 	C:\WINDOWS\System32\gdi32full.dll
0x00007ffe1e6d0000 - 0x00007ffe1e96a000 	C:\WINDOWS\WinSxS\amd64_microsoft.windows.common-controls_6595b64144ccf1df_6.0.19041.3636_none_60b6a03d71f818d5\COMCTL32.dll
0x00007ffe3beb0000 - 0x00007ffe3bf4d000 	C:\WINDOWS\System32\msvcp_win.dll
0x00007ffe3d010000 - 0x00007ffe3d0ae000 	C:\WINDOWS\System32\msvcrt.dll
0x00007ffe3cbb0000 - 0x00007ffe3cbe0000 	C:\WINDOWS\System32\IMM32.DLL
0x00007ffe2c280000 - 0x00007ffe2c28c000 	C:\Users\chant\.p2\pool\plugins\org.eclipse.justj.openjdk.hotspot.jre.full.win32.x86_64_17.0.10.v20240120-1143\jre\bin\vcruntime140_1.dll
0x00007ffe06ef0000 - 0x00007ffe06f7d000 	C:\Users\chant\.p2\pool\plugins\org.eclipse.justj.openjdk.hotspot.jre.full.win32.x86_64_17.0.10.v20240120-1143\jre\bin\msvcp140.dll
0x00007ffdff9f0000 - 0x00007ffe00652000 	C:\Users\chant\.p2\pool\plugins\org.eclipse.justj.openjdk.hotspot.jre.full.win32.x86_64_17.0.10.v20240120-1143\jre\bin\server\jvm.dll
0x00007ffe3ccb0000 - 0x00007ffe3cd63000 	C:\WINDOWS\System32\ADVAPI32.dll
0x00007ffe3dc40000 - 0x00007ffe3dcdf000 	C:\WINDOWS\System32\sechost.dll
0x00007ffe3d460000 - 0x00007ffe3d586000 	C:\WINDOWS\System32\RPCRT4.dll
0x00007ffe3bfe0000 - 0x00007ffe3c007000 	C:\WINDOWS\System32\bcrypt.dll
0x00007ffe3b0e0000 - 0x00007ffe3b12b000 	C:\WINDOWS\SYSTEM32\POWRPROF.dll
0x00007ffe37630000 - 0x00007ffe37639000 	C:\WINDOWS\SYSTEM32\WSOCK32.dll
0x00007ffe3ce20000 - 0x00007ffe3ce8b000 	C:\WINDOWS\System32\WS2_32.dll
0x00007ffe17500000 - 0x00007ffe17527000 	C:\WINDOWS\SYSTEM32\WINMM.dll
0x00007ffe302f0000 - 0x00007ffe302fa000 	C:\WINDOWS\SYSTEM32\VERSION.dll
0x00007ffe3af50000 - 0x00007ffe3af62000 	C:\WINDOWS\SYSTEM32\UMPDC.dll
0x00007ffe399d0000 - 0x00007ffe399e2000 	C:\WINDOWS\SYSTEM32\kernel.appcore.dll
0x00007ffe37640000 - 0x00007ffe3764a000 	C:\Users\chant\.p2\pool\plugins\org.eclipse.justj.openjdk.hotspot.jre.full.win32.x86_64_17.0.10.v20240120-1143\jre\bin\jimage.dll
0x00007ffe2ae10000 - 0x00007ffe2aff4000 	C:\WINDOWS\SYSTEM32\DBGHELP.DLL
0x00007ffe1a5b0000 - 0x00007ffe1a5e4000 	C:\WINDOWS\SYSTEM32\dbgcore.DLL
0x00007ffe3bf50000 - 0x00007ffe3bfd2000 	C:\WINDOWS\System32\bcryptPrimitives.dll
0x00007ffe2b3b0000 - 0x00007ffe2b3d5000 	C:\Users\chant\.p2\pool\plugins\org.eclipse.justj.openjdk.hotspot.jre.full.win32.x86_64_17.0.10.v20240120-1143\jre\bin\java.dll

dbghelp: loaded successfully - version: 4.0.5 - missing functions: none
symbol engine: initialized successfully - sym options: 0x614 - pdb path: .;C:\Users\chant\.p2\pool\plugins\org.eclipse.justj.openjdk.hotspot.jre.full.win32.x86_64_17.0.10.v20240120-1143\jre\bin;C:\WINDOWS\SYSTEM32;C:\WINDOWS\WinSxS\amd64_microsoft.windows.common-controls_6595b64144ccf1df_6.0.19041.3636_none_60b6a03d71f818d5;C:\Users\chant\.p2\pool\plugins\org.eclipse.justj.openjdk.hotspot.jre.full.win32.x86_64_17.0.10.v20240120-1143\jre\bin\server

VM Arguments:
jvm_args: -Dfile.encoding=UTF-8 -Dstdout.encoding=UTF-8 -Dstderr.encoding=UTF-8 -XX:+ShowCodeDetailsInExceptionMessages 
java_command: RobotFindsKitten
java_class_path (initial): C:\Users\chant\RobotFindsKitten\bin
Launcher Type: SUN_STANDARD

[Global flags]
     intx CICompilerCount                          = 4                                         {product} {ergonomic}
     uint ConcGCThreads                            = 2                                         {product} {ergonomic}
     uint G1ConcRefinementThreads                  = 8                                         {product} {ergonomic}
   size_t G1HeapRegionSize                         = 1048576                                   {product} {ergonomic}
    uintx GCDrainStackTargetSize                   = 64                                        {product} {ergonomic}
   size_t InitialHeapSize                          = 134217728                                 {product} {ergonomic}
   size_t MarkStackSize                            = 4194304                                   {product} {ergonomic}
   size_t MaxHeapSize                              = 2126512128                                {product} {ergonomic}
   size_t MinHeapDeltaBytes                        = 1048576                                   {product} {ergonomic}
   size_t MinHeapSize                              = 8388608                                   {product} {ergonomic}
    uintx NonNMethodCodeHeapSize                   = 5839372                                {pd product} {ergonomic}
    uintx NonProfiledCodeHeapSize                  = 122909434                              {pd product} {ergonomic}
    uintx ProfiledCodeHeapSize                     = 122909434                              {pd product} {ergonomic}
    uintx ReservedCodeCacheSize                    = 251658240                              {pd product} {ergonomic}
     bool SegmentedCodeCache                       = true                                      {product} {ergonomic}
     bool ShowCodeDetailsInExceptionMessages       = true                                   {manageable} {command line}
   size_t SoftMaxHeapSize                          = 2126512128                             {manageable} {ergonomic}
     bool UseCompressedClassPointers               = true                           {product lp64_product} {ergonomic}
     bool UseCompressedOops                        = true                           {product lp64_product} {ergonomic}
     bool UseG1GC                                  = true                                      {product} {ergonomic}
     bool UseLargePagesIndividualAllocation        = false                                  {pd product} {ergonomic}

Logging:
Log output configuration:
 #0: stdout all=warning uptime,level,tags
 #1: stderr all=off uptime,level,tags

Environment Variables:
PATH=C:/Users/chant/.p2/pool/plugins/org.eclipse.justj.openjdk.hotspot.jre.full.win32.x86_64_17.0.10.v20240120-1143/jre/bin/server;C:/Users/chant/.p2/pool/plugins/org.eclipse.justj.openjdk.hotspot.jre.full.win32.x86_64_17.0.10.v20240120-1143/jre/bin;C:\WINDOWS\system32;C:\WINDOWS;C:\WINDOWS\System32\Wbem;C:\WINDOWS\System32\WindowsPowerShell\v1.0\;C:\WINDOWS\System32\OpenSSH\;C:\Program Files\Git\cmd;C:\Users\chant\AppData\Local\Programs\Python\Launcher\;C:\Users\chant\AppData\Local\Microsoft\WindowsApps;C:\Users\chant\AppData\Local\Programs\Python\Python312\;;C:\Users\chant\AppData\Local\Programs\Microsoft VS Code\bin;C:\Users\chant\OneDrive\Desktop;
USERNAME=chant
OS=Windows_NT
PROCESSOR_IDENTIFIER=Intel64 Family 6 Model 142 Stepping 10, GenuineIntel
TMP=C:\Users\chant\AppData\Local\Temp
TEMP=C:\Users\chant\AppData\Local\Temp



Periodic native trim disabled


---------------  S Y S T E M  ---------------

OS:
 Windows 10 , 64 bit Build 19041 (10.0.19041.3636)
OS uptime: 8 days 4:47 hours

CPU: total 8 (initial active 8) (4 cores per cpu, 2 threads per core) family 6 model 142 stepping 10 microcode 0xf0, cx8, cmov, fxsr, ht, mmx, 3dnowpref, sse, sse2, sse3, ssse3, sse4.1, sse4.2, popcnt, lzcnt, tsc, tscinvbit, avx, avx2, aes, erms, clmul, bmi1, bmi2, rtm, adx, fma, vzeroupper, clflush, clflushopt
Processor Information for all 8 processors :
  Max Mhz: 1896, Current Mhz: 1696, Mhz Limit: 1687

Memory: 4k page, system-wide physical 8108M (1592M free)
TotalPageFile size 32684M (AvailPageFile size 28M)
current process WorkingSet (physical memory assigned to process): 10M, peak: 10M
current process commit charge ("private bytes"): 60M, peak: 188M

vm_info: OpenJDK 64-Bit Server VM (17.0.10+7) for windows-amd64 JRE (17.0.10+7), built on Jan 16 2024 23:25:11 by "admin" with MS VC++ 16.10 / 16.11 (VS2019)

END.
